<?xml version="1.0" encoding="UTF-8"?>
<testsuite name="com.demo.weatherMap.unit.WeatherMapServiceTest" tests="3" skipped="0" failures="0" errors="0" timestamp="2022-05-22T15:59:20" hostname="nav" time="0.28">
  <properties/>
  <testcase name="testGetWeatherData_recordFoundFromDatabase()" classname="com.demo.weatherMap.unit.WeatherMapServiceTest" time="0.257"/>
  <testcase name="testGetWeatherData_exceptionThrownFromDownstream()" classname="com.demo.weatherMap.unit.WeatherMapServiceTest" time="0.016"/>
  <testcase name="testGetWeatherData_noRecordsFromDatabase()" classname="com.demo.weatherMap.unit.WeatherMapServiceTest" time="0.005"/>
  <system-out><![CDATA[]]></system-out>
  <system-err><![CDATA[]]></system-err>
</testsuite>
